2025-12-07T16:36:17.379499-05:00 SATCOM kernel: [CCRG] [FP] [0x0000000072eb71f0] [FRAMEWORK] [4376580869651,1,1370,45832,0,0,1,0,0,1,956255176,18446744073709551615]
2025-12-07T16:36:17.379536-05:00 SATCOM kernel: [CCRG] [FP] [0x0000000072eb71f0] [HSPP] [4376580869651,SS]
2025-12-07T16:36:17.379538-05:00 SATCOM kernel: [CCRG] [FP] [0x0000000072eb71f0] [HSPP OLD LAST ROUND MINRTT] [4376580869651,4294967295]
2025-12-07T16:36:17.379539-05:00 SATCOM kernel: [CCRG] [FP] [0x0000000072eb71f0] [HSPP NEW LAST ROUND MINRTT] [4376580869651,4294967295]
2025-12-07T16:36:17.385529-05:00 SATCOM kernel: [CCRG] [FP] [0x0000000072eb71f0] [FRAMEWORK] [4376586547530,38,1370,45620,0,0,2,0,0,1,956255213,4782684]
2025-12-07T16:36:17.385561-05:00 SATCOM kernel: [CCRG] [FP] [0x0000000072eb71f0] [HSPP OLD LAST ROUND MINRTT] [4376586547530,4294967295]
2025-12-07T16:36:17.385567-05:00 SATCOM kernel: [CCRG] [FP] [0x0000000072eb71f0] [HSPP NEW LAST ROUND MINRTT] [4376586547530,4294967295]
2025-12-07T16:36:17.385570-05:00 SATCOM kernel: [CCRG] [FP] [0x0000000072eb71f0] [HSPP ROUND COUNTER] [4376586547530,1]
2025-12-07T16:36:17.385572-05:00 SATCOM kernel: [CCRG] [FP] [0x0000000072eb71f0] [HSPP ENTERED AT ROUND] [4376586547530,0]
2025-12-07T16:36:17.385574-05:00 SATCOM kernel: [CCRG] [FP] [0x0000000072eb71f0] [HSPP IN CSS] [4376586547530,0]
2025-12-07T16:36:17.385575-05:00 SATCOM kernel: [CCRG] [FP] [0x0000000072eb71f0] [HSPP ROUND COUNTER DIFF] [4376586547530,1]
2025-12-07T16:36:17.385576-05:00 SATCOM kernel: [CCRG] [FP] [0x0000000072eb71f0] [HSPP ROUND COUNTER DIFF EXCEEDS] [4376586547530,0]
2025-12-07T16:36:17.398515-05:00 SATCOM kernel: [CCRG] [FP] [0x0000000072eb71f0] [FRAMEWORK] [4376599299253,1408,1370,46044,1,5517,3,0,0,1,956268913,4804910]
2025-12-07T16:36:17.398545-05:00 SATCOM kernel: [CCRG] [FP] [0x0000000072eb71f0] [HSPP OLD LAST ROUND MINRTT] [4376599299253,4294967295]
2025-12-07T16:36:17.398548-05:00 SATCOM kernel: [CCRG] [FP] [0x0000000072eb71f0] [HSPP NEW LAST ROUND MINRTT] [4376599299253,5517]
2025-12-07T16:36:17.398552-05:00 SATCOM kernel: [CCRG] [FP] [0x0000000072eb71f0] [HSPP ROUND COUNTER] [4376599299253,2]
2025-12-07T16:36:17.398555-05:00 SATCOM kernel: [CCRG] [FP] [0x0000000072eb71f0] [HSPP ENTERED AT ROUND] [4376599299253,0]
2025-12-07T16:36:17.398556-05:00 SATCOM kernel: [CCRG] [FP] [0x0000000072eb71f0] [HSPP IN CSS] [4376599299253,0]
2025-12-07T16:36:17.398558-05:00 SATCOM kernel: [CCRG] [FP] [0x0000000072eb71f0] [HSPP ROUND COUNTER DIFF] [4376599299253,2]
2025-12-07T16:36:17.398559-05:00 SATCOM kernel: [CCRG] [FP] [0x0000000072eb71f0] [HSPP ROUND COUNTER DIFF EXCEEDS] [4376599299253,0]
2025-12-07T16:36:17.398560-05:00 SATCOM kernel: [CCRG] [FP] [0x0000000072eb71f0] [FRAMEWORK] [4376599418106,2778,1370,46534,1,5517,4,0,0,0,956271653,5236730]
2025-12-07T16:36:17.398592-05:00 SATCOM kernel: [CCRG] [FP] [0x0000000072eb71f0] [FRAMEWORK] [4376599430903,4148,1370,46975,2,6245,5,0,0,0,956271653,5652641]
2025-12-07T16:36:17.398595-05:00 SATCOM kernel: [CCRG] [FP] [0x0000000072eb71f0] [FRAMEWORK] [4376599441293,5518,1370,47372,3,6257,6,0,0,0,956271653,6066205]
2025-12-07T16:36:17.398598-05:00 SATCOM kernel: [CCRG] [FP] [0x0000000072eb71f0] [FRAMEWORK] [4376599486558,6888,1370,47764,4,6268,7,0,0,0,956279873,6478088]
2025-12-07T16:36:17.398600-05:00 SATCOM kernel: [CCRG] [FP] [0x0000000072eb71f0] [FRAMEWORK] [4376599504590,8258,1370,48073,5,6313,8,0,0,0,956279873,6883845]
2025-12-07T16:36:17.398601-05:00 SATCOM kernel: [CCRG] [FP] [0x0000000072eb71f0] [FRAMEWORK] [4376599516676,9628,1370,48355,6,6331,9,0,0,0,956279873,7295571]
2025-12-07T16:36:17.402505-05:00 SATCOM kernel: [CCRG] [FP] [0x0000000072eb71f0] [FRAMEWORK] [4376603900333,10998,1370,52986,7,6343,10,0,0,0,956288093,7706338]
2025-12-07T16:36:17.402546-05:00 SATCOM kernel: [CCRG] [FP] [0x0000000072eb71f0] [FRAMEWORK] [4376604038738,12368,1370,57176,7,6343,11,0,0,0,956290833,7446495]
2025-12-07T16:36:17.402568-05:00 SATCOM kernel: [CCRG] [FP] [0x0000000072eb71f0] [FRAMEWORK] [4376604055383,13738,1370,60859,7,6343,12,0,0,0,956290833,7284175]
2025-12-07T16:36:17.402571-05:00 SATCOM kernel: [CCRG] [FP] [0x0000000072eb71f0] [FRAMEWORK] [4376604070237,15108,1370,57973,7,6343,13,0,0,0,956290833,7203536]
2025-12-07T16:36:17.402575-05:00 SATCOM kernel: [CCRG] [FP] [0x0000000072eb71f0] [HSPP OLD LAST ROUND MINRTT] [4376604070237,5517]
2025-12-07T16:36:17.402576-05:00 SATCOM kernel: [CCRG] [FP] [0x0000000072eb71f0] [HSPP NEW LAST ROUND MINRTT] [4376604070237,6126]
2025-12-07T16:36:17.402578-05:00 SATCOM kernel: [CCRG] [FP] [0x0000000072eb71f0] [HSPP ROUND COUNTER] [4376604070237,3]
2025-12-07T16:36:17.402582-05:00 SATCOM kernel: [CCRG] [FP] [0x0000000072eb71f0] [HSPP ENTERED AT ROUND] [4376604070237,0]
2025-12-07T16:36:17.402583-05:00 SATCOM kernel: [CCRG] [FP] [0x0000000072eb71f0] [HSPP IN CSS] [4376604070237,0]
2025-12-07T16:36:17.402584-05:00 SATCOM kernel: [CCRG] [FP] [0x0000000072eb71f0] [HSPP ROUND COUNTER DIFF] [4376604070237,3]
2025-12-07T16:36:17.402585-05:00 SATCOM kernel: [CCRG] [FP] [0x0000000072eb71f0] [HSPP ROUND COUNTER DIFF EXCEEDS] [4376604070237,0]
2025-12-07T16:36:17.412490-05:00 SATCOM kernel: [CCRG] [FP] [0x0000000072eb71f0] [FRAMEWORK] [4376613069751,16478,1370,64447,10,6176,14,0,0,0,956290833,7940248]
2025-12-07T16:36:17.412518-05:00 SATCOM kernel: [CCRG] [FP] [0x0000000072eb71f0] [FRAMEWORK] [4376613188101,17848,1370,70135,11,13770,15,0,0,0,956301793,7482737]
2025-12-07T16:36:17.412522-05:00 SATCOM kernel: [CCRG] [FP] [0x0000000072eb71f0] [FRAMEWORK] [4376613198477,19218,1370,75122,9,13747,16,0,0,0,956301793,7188422]
2025-12-07T16:36:17.412524-05:00 SATCOM kernel: [CCRG] [FP] [0x0000000072eb71f0] [FRAMEWORK] [4376613205773,20588,1370,79492,10,13757,17,0,0,0,956301793,7003008]
2025-12-07T16:36:17.412526-05:00 SATCOM kernel: [CCRG] [FP] [0x0000000072eb71f0] [FRAMEWORK] [4376613213151,23328,1370,83324,11,13764,19,0,0,0,956301793,6893775]
2025-12-07T16:36:17.412531-05:00 SATCOM kernel: [CCRG] [FP] [0x0000000072eb71f0] [FRAMEWORK] [4376613272428,24698,1370,86736,13,13772,20,0,0,0,956315493,7102875]
2025-12-07T16:36:17.412533-05:00 SATCOM kernel: [CCRG] [FP] [0x0000000072eb71f0] [FRAMEWORK] [4376613288573,27438,1370,89659,14,13831,22,0,0,0,956315493,7076185]
2025-12-07T16:36:17.412534-05:00 SATCOM kernel: [CCRG] [FP] [0x0000000072eb71f0] [FRAMEWORK] [4376613368217,32918,1370,92297,13,13772,26,0,0,0,956323713,7334456]
2025-12-07T16:36:17.417492-05:00 SATCOM kernel: [CCRG] [FP] [0x0000000072eb71f0] [FRAMEWORK] [4376618276606,35658,1370,95099,17,13852,28,0,0,0,956323713,8074801]
2025-12-07T16:36:17.417519-05:00 SATCOM kernel: [CCRG] [FP] [0x0000000072eb71f0] [FRAMEWORK] [4376618409586,37028,1370,88520,18,14376,29,0,0,0,956340153,8297879]
2025-12-07T16:36:17.417522-05:00 SATCOM kernel: [CCRG] [FP] [0x0000000072eb71f0] [HSPP OLD LAST ROUND MINRTT] [4376618409586,6126]
2025-12-07T16:36:17.417524-05:00 SATCOM kernel: [CCRG] [FP] [0x0000000072eb71f0] [HSPP NEW LAST ROUND MINRTT] [4376618409586,4721]
2025-12-07T16:36:17.417526-05:00 SATCOM kernel: [CCRG] [FP] [0x0000000072eb71f0] [HSPP ROUND COUNTER] [4376618409586,4]
2025-12-07T16:36:17.417528-05:00 SATCOM kernel: [CCRG] [FP] [0x0000000072eb71f0] [HSPP ENTERED AT ROUND] [4376618409586,0]
2025-12-07T16:36:17.417532-05:00 SATCOM kernel: [CCRG] [FP] [0x0000000072eb71f0] [HSPP IN CSS] [4376618409586,0]
2025-12-07T16:36:17.417534-05:00 SATCOM kernel: [CCRG] [FP] [0x0000000072eb71f0] [HSPP ROUND COUNTER DIFF] [4376618409586,4]
2025-12-07T16:36:17.417535-05:00 SATCOM kernel: [CCRG] [FP] [0x0000000072eb71f0] [HSPP ROUND COUNTER DIFF EXCEEDS] [4376618409586,0]
2025-12-07T16:36:17.417536-05:00 SATCOM kernel: [CCRG] [FP] [0x0000000072eb71f0] [FRAMEWORK] [4376618449002,38398,1370,82803,15,13752,30,0,0,0,956342893,9162223]
2025-12-07T16:36:17.417538-05:00 SATCOM kernel: [CCRG] [FP] [0x0000000072eb71f0] [FRAMEWORK] [4376618458450,39768,1370,77810,16,13752,31,0,0,0,956342893,10059538]
2025-12-07T16:36:17.417562-05:00 SATCOM kernel: [CCRG] [FP] [0x0000000072eb71f0] [FRAMEWORK] [4376618466345,41138,1370,73449,17,13752,32,0,0,0,956342893,10986762]
2025-12-07T16:36:17.425523-05:00 SATCOM kernel: [CCRG] [FP] [0x0000000072eb71f0] [FRAMEWORK] [4376626061147,42508,1370,77228,18,13752,33,0,0,0,956342893,11937534]
2025-12-07T16:36:17.425562-05:00 SATCOM kernel: [CCRG] [FP] [0x0000000072eb71f0] [FRAMEWORK] [4376626188527,43878,1370,80662,19,13752,34,0,0,0,956353853,11637230]
2025-12-07T16:36:17.425566-05:00 SATCOM kernel: [CCRG] [FP] [0x0000000072eb71f0] [FRAMEWORK] [4376626216069,45248,1370,83695,20,13752,35,0,0,0,956356593,11413552]
2025-12-07T16:36:17.425570-05:00 SATCOM kernel: [CCRG] [FP] [0x0000000072eb71f0] [FRAMEWORK] [4376626230503,46618,1370,86363,21,13752,36,0,0,0,956356593,11261843]
2025-12-07T16:36:17.425571-05:00 SATCOM kernel: [CCRG] [FP] [0x0000000072eb71f0] [FRAMEWORK] [4376626242597,47988,1370,88593,22,13752,37,0,0,0,956356593,11167745]
2025-12-07T16:36:17.425574-05:00 SATCOM kernel: [CCRG] [FP] [0x0000000072eb71f0] [FRAMEWORK] [4376626314189,52098,1370,90616,18,13772,40,0,0,0,956356593,11134062]
2025-12-07T16:36:17.425575-05:00 SATCOM kernel: [CCRG] [FP] [0x0000000072eb71f0] [FRAMEWORK] [4376626326234,58948,1370,92398,21,13772,45,0,0,0,956356593,11611194]
2025-12-07T16:36:17.425576-05:00 SATCOM kernel: [CCRG] [FP] [0x0000000072eb71f0] [FRAMEWORK] [4376626473882,67168,1370,94105,26,13772,51,0,0,0,956386733,12573432]
2025-12-07T16:36:17.425577-05:00 SATCOM kernel: [CCRG] [FP] [0x0000000072eb71f0] [FRAMEWORK] [4376626489706,68538,1370,95536,29,13772,52,0,0,0,956386733,13742946]
2025-12-07T16:36:17.425579-05:00 SATCOM kernel: [CCRG] [FP] [0x0000000072eb71f0] [FRAMEWORK] [4376626497099,69908,1370,91784,30,13772,53,0,0,0,956386733,13766538]
2025-12-07T16:36:17.425580-05:00 SATCOM kernel: [CCRG] [FP] [0x0000000072eb71f0] [FRAMEWORK] [4376626504230,76758,1370,88508,25,14370,58,0,0,0,956386733,14568116]
2025-12-07T16:36:17.425582-05:00 SATCOM kernel: [CCRG] [FP] [0x0000000072eb71f0] [FRAMEWORK] [4376626677118,84978,1370,85815,30,14370,64,0,0,0,956422353,16345641]
2025-12-07T16:36:17.425584-05:00 SATCOM kernel: [CCRG] [FP] [0x0000000072eb71f0] [FRAMEWORK] [4376626766574,87718,1370,83427,36,14370,66,0,0,0,956438793,18391190]
2025-12-07T16:36:17.425586-05:00 SATCOM kernel: [CCRG] [FP] [0x0000000072eb71f0] [HSPP OLD LAST ROUND MINRTT] [4376626766574,4721]
2025-12-07T16:36:17.425588-05:00 SATCOM kernel: [CCRG] [FP] [0x0000000072eb71f0] [HSPP NEW LAST ROUND MINRTT] [4376626766574,5308]
2025-12-07T16:36:17.425589-05:00 SATCOM kernel: [CCRG] [FP] [0x0000000072eb71f0] [HSPP ROUND COUNTER] [4376626766574,5]
2025-12-07T16:36:17.425591-05:00 SATCOM kernel: [CCRG] [FP] [0x0000000072eb71f0] [HSPP ENTERED AT ROUND] [4376626766574,0]
2025-12-07T16:36:17.425592-05:00 SATCOM kernel: [CCRG] [FP] [0x0000000072eb71f0] [HSPP IN CSS] [4376626766574,0]
2025-12-07T16:36:17.425594-05:00 SATCOM kernel: [CCRG] [FP] [0x0000000072eb71f0] [HSPP ROUND COUNTER DIFF] [4376626766574,5]
2025-12-07T16:36:17.425597-05:00 SATCOM kernel: [CCRG] [FP] [0x0000000072eb71f0] [HSPP ROUND COUNTER DIFF EXCEEDS] [4376626766574,0]
2025-12-07T16:36:17.446611-05:00 SATCOM kernel: [CCRG] [FP] [0x0000000072eb71f0] [FRAMEWORK] [4376647907578,90458,1370,94810,37,8357,68,0,0,0,956444273,19443105]
2025-12-07T16:36:17.446644-05:00 SATCOM kernel: [CCRG] [FP] [0x0000000072eb71f0] [FRAMEWORK] [4376648056790,93198,1370,104919,35,21846,70,0,0,0,956449753,17571142]
2025-12-07T16:36:17.446646-05:00 SATCOM kernel: [CCRG] [FP] [0x0000000072eb71f0] [FRAMEWORK] [4376648075325,94568,1370,113784,37,21995,71,0,0,0,956449753,16295999]
2025-12-07T16:36:17.454446-05:00 SATCOM kernel: [CCRG] [FP] [0x0000000072eb71f0] [FRAMEWORK] [4376654566046,95938,1370,128031,38,22014,72,0,0,0,956449753,15219011]
2025-12-07T16:36:17.454477-05:00 SATCOM kernel: [CCRG] [FP] [0x0000000072eb71f0] [FRAMEWORK] [4376654702474,97308,1370,140634,39,28505,73,0,0,0,956460713,13696682]
2025-12-07T16:36:17.454479-05:00 SATCOM kernel: [CCRG] [FP] [0x0000000072eb71f0] [FRAMEWORK] [4376654719889,98678,1370,151678,40,28641,74,0,0,0,956460713,12625111]
2025-12-07T16:36:17.454481-05:00 SATCOM kernel: [CCRG] [FP] [0x0000000072eb71f0] [FRAMEWORK] [4376654741755,101418,1370,161265,41,28658,76,0,0,0,956460713,11850367]
2025-12-07T16:36:17.454482-05:00 SATCOM kernel: [CCRG] [FP] [0x0000000072eb71f0] [FRAMEWORK] [4376654815738,104158,1370,169589,42,28553,78,0,0,0,956471673,11417728]
2025-12-07T16:36:17.454484-05:00 SATCOM kernel: [CCRG] [FP] [0x0000000072eb71f0] [FRAMEWORK] [4376654826399,106898,1370,176884,33,28489,80,0,0,0,956471673,11115815]
2025-12-07T16:36:17.454488-05:00 SATCOM kernel: [CCRG] [FP] [0x0000000072eb71f0] [FRAMEWORK] [4376654842791,109638,1370,183283,35,28500,82,0,0,0,956471673,10905226]
2025-12-07T16:36:17.454489-05:00 SATCOM kernel: [CCRG] [FP] [0x0000000072eb71f0] [FRAMEWORK] [4376654851283,112378,1370,188891,37,28516,84,0,0,0,956471673,10763682]
2025-12-07T16:36:17.454490-05:00 SATCOM kernel: [CCRG] [FP] [0x0000000072eb71f0] [FRAMEWORK] [4376654859104,115118,1370,193806,39,28525,86,0,0,0,956471673,10676210]
2025-12-07T16:36:17.454491-05:00 SATCOM kernel: [CCRG] [FP] [0x0000000072eb71f0] [FRAMEWORK] [4376654866729,117858,1370,198114,41,28533,88,0,0,0,956471673,10631662]
2025-12-07T16:36:17.454492-05:00 SATCOM kernel: [CCRG] [FP] [0x0000000072eb71f0] [FRAMEWORK] [4376654874382,120598,1370,201891,43,28540,90,0,0,0,956471673,10621763]
2025-12-07T16:36:17.454493-05:00 SATCOM kernel: [CCRG] [FP] [0x0000000072eb71f0] [FRAMEWORK] [4376654893066,123338,1370,205215,45,28548,92,0,0,0,956471673,10640196]
2025-12-07T16:36:17.454495-05:00 SATCOM kernel: [CCRG] [FP] [0x0000000072eb71f0] [FRAMEWORK] [4376654901123,126078,1370,208132,47,28567,94,0,0,0,956471673,10681480]
2025-12-07T16:36:17.454496-05:00 SATCOM kernel: [CCRG] [FP] [0x0000000072eb71f0] [FRAMEWORK] [4376654909572,128818,1370,210692,49,28575,96,0,0,0,956471673,10742413]
2025-12-07T16:36:17.454499-05:00 SATCOM kernel: [CCRG] [FP] [0x0000000072eb71f0] [FRAMEWORK] [4376655160138,131558,1370,213183,51,28583,98,0,0,0,956518393,10819964]
2025-12-07T16:36:17.454500-05:00 SATCOM kernel: [CCRG] [FP] [0x0000000072eb71f0] [FRAMEWORK] [4376655174987,134298,1370,215200,53,28834,100,0,0,0,956518393,10899180]
2025-12-07T16:36:17.454501-05:00 SATCOM kernel: [CCRG] [FP] [0x0000000072eb71f0] [FRAMEWORK] [4376655183404,137038,1370,216973,42,28670,102,0,0,0,956518393,11000743]
2025-12-07T16:36:17.454503-05:00 SATCOM kernel: [CCRG] [FP] [0x0000000072eb71f0] [FRAMEWORK] [4376655191301,139778,1370,218533,44,28679,104,0,0,0,956518393,11112903]
2025-12-07T16:36:17.454504-05:00 SATCOM kernel: [CCRG] [FP] [0x0000000072eb71f0] [FRAMEWORK] [4376655206024,142518,1370,219913,46,28687,106,0,0,0,956518393,11234184]
2025-12-07T16:36:17.454505-05:00 SATCOM kernel: [CCRG] [FP] [0x0000000072eb71f0] [FRAMEWORK] [4376655219893,145258,1370,221133,48,28702,108,0,0,0,956518393,11363039]
2025-12-07T16:36:17.454506-05:00 SATCOM kernel: [CCRG] [FP] [0x0000000072eb71f0] [FRAMEWORK] [4376655228086,147998,1370,222210,50,28715,110,0,0,0,956518393,11498600]
2025-12-07T16:36:17.454507-05:00 SATCOM kernel: [CCRG] [FP] [0x0000000072eb71f0] [FRAMEWORK] [4376655246964,150738,1370,223170,52,28724,112,0,0,0,956518393,11640160]
2025-12-07T16:36:17.454510-05:00 SATCOM kernel: [CCRG] [FP] [0x0000000072eb71f0] [FRAMEWORK] [4376655255139,153478,1370,224019,54,28742,114,0,0,0,956518393,11786530]
2025-12-07T16:36:17.454511-05:00 SATCOM kernel: [CCRG] [FP] [0x0000000072eb71f0] [FRAMEWORK] [4376655263625,154848,1370,224770,56,28751,115,0,0,0,956518393,11937558]
2025-12-07T16:36:17.454512-05:00 SATCOM kernel: [CCRG] [FP] [0x0000000072eb71f0] [FRAMEWORK] [4376655271353,156218,1370,225435,57,28759,116,0,0,0,956518393,11995195]
2025-12-07T16:36:17.454513-05:00 SATCOM kernel: [CCRG] [FP] [0x0000000072eb71f0] [FRAMEWORK] [4376655278899,157588,1370,226024,58,28767,117,0,0,0,956518393,12057045]
2025-12-07T16:36:17.454515-05:00 SATCOM kernel: [CCRG] [FP] [0x0000000072eb71f0] [FRAMEWORK] [4376655287011,158958,1370,226548,59,28774,118,0,0,0,956518393,12122606]
2025-12-07T16:36:17.454516-05:00 SATCOM kernel: [CCRG] [FP] [0x0000000072eb71f0] [FRAMEWORK] [4376655294567,160328,1370,227014,60,28783,119,0,0,0,956518393,12191323]
2025-12-07T16:36:17.454517-05:00 SATCOM kernel: [CCRG] [FP] [0x0000000072eb71f0] [FRAMEWORK] [4376655302368,161698,1370,227430,61,28790,120,0,0,0,956518393,12262856]
2025-12-07T16:36:17.454518-05:00 SATCOM kernel: [CCRG] [FP] [0x0000000072eb71f0] [FRAMEWORK] [4376655315245,163068,1370,227807,62,28798,121,0,0,0,956518393,12336806]
2025-12-07T16:36:17.454521-05:00 SATCOM kernel: [CCRG] [FP] [0x0000000072eb71f0] [FRAMEWORK] [4376655327536,164438,1370,228149,63,28811,122,0,0,0,956518393,12412612]
2025-12-07T16:36:17.454522-05:00 SATCOM kernel: [CCRG] [FP] [0x0000000072eb71f0] [FRAMEWORK] [4376655619979,165808,1370,228740,64,28823,123,0,0,0,956580043,12490083]
2025-12-07T16:36:17.454523-05:00 SATCOM kernel: [CCRG] [FP] [0x0000000072eb71f0] [FRAMEWORK] [4376655635506,167178,1370,229273,65,29115,124,0,0,0,956580043,12553641]
2025-12-07T16:36:17.454524-05:00 SATCOM kernel: [CCRG] [FP] [0x0000000072eb71f0] [FRAMEWORK] [4376655647284,168548,1370,229573,66,29131,125,0,0,0,956580043,12620064]
2025-12-07T16:36:17.454525-05:00 SATCOM kernel: [CCRG] [FP] [0x0000000072eb71f0] [FRAMEWORK] [4376655659111,169918,1370,229848,61,28970,126,0,0,0,956580043,12699054]
2025-12-07T16:36:17.454527-05:00 SATCOM kernel: [CCRG] [FP] [0x0000000072eb71f0] [FRAMEWORK] [4376655670098,171288,1370,230099,62,28982,127,0,0,0,956580043,12779228]
2025-12-07T16:36:17.454528-05:00 SATCOM kernel: [CCRG] [FP] [0x0000000072eb71f0] [FRAMEWORK] [4376655681267,172658,1370,230330,63,28993,128,0,0,0,956580043,12860551]
2025-12-07T16:36:17.454529-05:00 SATCOM kernel: [CCRG] [FP] [0x0000000072eb71f0] [FRAMEWORK] [4376655692656,174028,1370,230543,64,29004,129,0,0,0,956580043,12942821]
2025-12-07T16:36:17.454532-05:00 SATCOM kernel: [CCRG] [FP] [0x0000000072eb71f0] [FRAMEWORK] [4376655703940,175398,1370,230741,65,29015,130,0,0,0,956580043,13025943]
2025-12-07T16:36:17.454533-05:00 SATCOM kernel: [CCRG] [FP] [0x0000000072eb71f0] [FRAMEWORK] [4376655715028,176768,1370,230926,66,29026,131,0,0,0,956580043,13109763]
2025-12-07T16:36:17.454534-05:00 SATCOM kernel: [CCRG] [FP] [0x0000000072eb71f0] [FRAMEWORK] [4376655726053,178138,1370,231099,67,29038,132,0,0,0,956580043,13194183]
2025-12-07T16:36:17.454536-05:00 SATCOM kernel: [CCRG] [FP] [0x0000000072eb71f0] [FRAMEWORK] [4376655737181,179508,1370,231261,68,29049,133,0,0,0,956580043,13279157]
2025-12-07T16:36:17.454537-05:00 SATCOM kernel: [CCRG] [FP] [0x0000000072eb71f0] [FRAMEWORK] [4376655748291,180878,1370,231414,69,29060,134,0,0,0,956580043,13364639]
2025-12-07T16:36:17.454538-05:00 SATCOM kernel: [CCRG] [FP] [0x0000000072eb71f0] [FRAMEWORK] [4376655759751,182248,1370,231559,70,29071,135,0,0,0,956580043,13450525]
2025-12-07T16:36:17.454539-05:00 SATCOM kernel: [CCRG] [FP] [0x0000000072eb71f0] [FRAMEWORK] [4376655770896,183618,1370,231697,71,29082,136,0,0,0,956580043,13536766]
2025-12-07T16:36:17.454540-05:00 SATCOM kernel: [CCRG] [FP] [0x0000000072eb71f0] [FRAMEWORK] [4376655782405,184988,1370,230190,72,29093,137,0,0,0,956580043,13623309]
2025-12-07T16:36:17.454542-05:00 SATCOM kernel: [CCRG] [FP] [0x0000000072eb71f0] [HSPP OLD LAST ROUND MINRTT] [4376655782405,5308]
2025-12-07T16:36:17.454543-05:00 SATCOM kernel: [CCRG] [FP] [0x0000000072eb71f0] [HSPP NEW LAST ROUND MINRTT] [4376655782405,8338]
2025-12-07T16:36:17.454544-05:00 SATCOM kernel: [CCRG] [FP] [0x0000000072eb71f0] [HSPP ROUND COUNTER] [4376655782405,6]
2025-12-07T16:36:17.454545-05:00 SATCOM kernel: [CCRG] [FP] [0x0000000072eb71f0] [HSPP ENTERED AT ROUND] [4376655782405,0]
2025-12-07T16:36:17.454546-05:00 SATCOM kernel: [CCRG] [FP] [0x0000000072eb71f0] [HSPP IN CSS] [4376655782405,0]
2025-12-07T16:36:17.454548-05:00 SATCOM kernel: [CCRG] [FP] [0x0000000072eb71f0] [HSPP ROUND COUNTER DIFF] [4376655782405,6]
2025-12-07T16:36:17.454549-05:00 SATCOM kernel: [CCRG] [FP] [0x0000000072eb71f0] [HSPP ROUND COUNTER DIFF EXCEEDS] [4376655782405,1]
2025-12-07T16:36:17.454550-05:00 SATCOM kernel: [CCRG] [FP] [0x0000000072eb71f0] [FRAMEWORK] [4376655814365,186358,1370,228904,71,29016,138,0,0,0,956580043,13807724]
2025-12-07T16:36:17.454551-05:00 SATCOM kernel: [CCRG] [FP] [0x0000000072eb71f0] [FRAMEWORK] [4376655825374,187728,1370,227789,72,29048,139,0,0,0,956580043,13981057]
2025-12-07T16:36:17.454553-05:00 SATCOM kernel: [CCRG] [FP] [0x0000000072eb71f0] [FRAMEWORK] [4376655836511,189098,1370,226825,73,29059,140,0,0,0,956580043,14145722]
2025-12-07T16:36:17.454554-05:00 SATCOM kernel: [CCRG] [FP] [0x0000000072eb71f0] [FRAMEWORK] [4376655855968,190468,1370,206380,74,29070,141,0,0,0,956580043,14302479]
2025-12-07T16:36:17.454555-05:00 SATCOM kernel: [CCRG] [FP] [0x0000000072eb71f0] [FRAMEWORK] [4376655867326,191838,1370,188503,73,21851,142,0,0,0,956580043,15825564]
2025-12-07T16:36:17.454556-05:00 SATCOM kernel: [CCRG] [FP] [0x0000000072eb71f0] [FRAMEWORK] [4376655878564,193208,1370,172872,74,21851,143,0,0,0,956580043,17442693]
2025-12-07T16:36:17.454557-05:00 SATCOM kernel: [CCRG] [FP] [0x0000000072eb71f0] [FRAMEWORK] [4376655889495,194578,1370,159205,75,21851,144,0,0,0,956580043,19146651]
2025-12-07T16:36:17.464671-05:00 SATCOM kernel: [CCRG] [FP] [0x0000000072eb71f0] [FRAMEWORK] [4376665568213,195948,1370,150272,76,21851,145,0,0,0,956580043,20927985]
2025-12-07T16:36:17.464705-05:00 SATCOM kernel: [CCRG] [FP] [0x0000000072eb71f0] [FRAMEWORK] [4376665949147,197318,1370,142836,73,28505,146,0,0,0,956644433,22317930]
2025-12-07T16:36:17.464707-05:00 SATCOM kernel: [CCRG] [FP] [0x0000000072eb71f0] [FRAMEWORK] [4376665967855,198688,1370,136348,74,28505,147,0,0,0,956644433,23633257]
2025-12-07T16:36:17.464710-05:00 SATCOM kernel: [CCRG] [FP] [0x0000000072eb71f0] [FRAMEWORK] [4376665982553,200058,1370,130686,75,28505,148,0,0,0,956644433,24918590]
2025-12-07T16:36:17.464711-05:00 SATCOM kernel: [CCRG] [FP] [0x0000000072eb71f0] [FRAMEWORK] [4376665993920,201428,1370,125743,76,28505,149,0,0,0,956644433,26165924]
2025-12-07T16:36:17.464712-05:00 SATCOM kernel: [CCRG] [FP] [0x0000000072eb71f0] [FRAMEWORK] [4376666036854,202798,1370,121461,77,28505,150,0,0,0,956644433,27368839]
2025-12-07T16:36:17.464713-05:00 SATCOM kernel: [CCRG] [FP] [0x0000000072eb71f0] [FRAMEWORK] [4376666049966,204168,1370,117727,78,28505,151,0,0,0,956644433,28514173]
2025-12-07T16:36:17.464715-05:00 SATCOM kernel: [CCRG] [FP] [0x0000000072eb71f0] [FRAMEWORK] [4376666061283,205538,1370,114472,79,28505,152,0,0,0,956644433,29604763]
2025-12-07T16:36:17.464716-05:00 SATCOM kernel: [CCRG] [FP] [0x0000000072eb71f0] [FRAMEWORK] [4376666075269,206908,1370,111488,80,28505,153,0,0,0,956644433,30638059]
2025-12-07T16:36:17.464718-05:00 SATCOM kernel: [CCRG] [FP] [0x0000000072eb71f0] [FRAMEWORK] [4376666087122,208278,1370,108889,77,28555,154,0,0,0,956644433,31654707]
2025-12-07T16:36:17.464719-05:00 SATCOM kernel: [CCRG] [FP] [0x0000000072eb71f0] [FRAMEWORK] [4376666098362,209648,1370,106626,78,28555,155,0,0,0,956644433,32611558]
2025-12-07T16:36:17.464721-05:00 SATCOM kernel: [CCRG] [FP] [0x0000000072eb71f0] [FRAMEWORK] [4376666109661,211018,1370,104657,79,28555,156,0,0,0,956644433,33509275]
2025-12-07T16:36:17.464722-05:00 SATCOM kernel: [CCRG] [FP] [0x0000000072eb71f0] [FRAMEWORK] [4376666120821,212388,1370,102945,80,28555,157,0,0,0,956644433,34349159]
2025-12-07T16:36:17.464723-05:00 SATCOM kernel: [CCRG] [FP] [0x0000000072eb71f0] [FRAMEWORK] [4376666131938,213758,1370,101458,81,28555,158,0,0,0,956644433,35133323]
2025-12-07T16:36:17.464724-05:00 SATCOM kernel: [CCRG] [FP] [0x0000000072eb71f0] [FRAMEWORK] [4376666143254,215128,1370,100169,82,28555,159,0,0,0,956644433,35864298]
2025-12-07T16:36:17.464726-05:00 SATCOM kernel: [CCRG] [FP] [0x0000000072eb71f0] [FRAMEWORK] [4376666154178,216498,1370,99052,83,28555,160,0,0,0,956644433,36544639]
2025-12-07T16:36:17.464727-05:00 SATCOM kernel: [CCRG] [FP] [0x0000000072eb71f0] [FRAMEWORK] [4376666165681,217868,1370,97920,84,28555,161,0,0,0,956644433,37178047]
2025-12-07T16:36:17.478525-05:00 SATCOM kernel: [CCRG] [FP] [0x0000000072eb71f0] [FRAMEWORK] [4376679101182,219238,1370,109865,65,28583,162,0,0,0,956647173,37831699]
2025-12-07T16:36:17.478557-05:00 SATCOM kernel: [CCRG] [FP] [0x0000000072eb71f0] [FRAMEWORK] [4376679144300,220608,1370,120360,66,28583,163,0,0,0,956647173,33917990]
2025-12-07T16:36:17.478560-05:00 SATCOM kernel: [CCRG] [FP] [0x0000000072eb71f0] [FRAMEWORK] [4376679156384,221978,1370,129555,67,28583,164,0,0,0,956647173,31142572]
2025-12-07T16:36:17.478562-05:00 SATCOM kernel: [CCRG] [FP] [0x0000000072eb71f0] [FRAMEWORK] [4376679170805,223348,1370,137615,68,28583,165,0,0,0,956647173,29101462]
2025-12-07T16:36:17.478564-05:00 SATCOM kernel: [CCRG] [FP] [0x0000000072eb71f0] [FRAMEWORK] [4376679182057,224718,1370,144680,69,28583,166,0,0,0,956647173,27556298]
2025-12-07T16:36:17.478565-05:00 SATCOM kernel: [CCRG] [FP] [0x0000000072eb71f0] [FRAMEWORK] [4376679193308,226088,1370,150872,70,28583,167,0,0,0,956647173,26362178]
2025-12-07T16:36:17.478566-05:00 SATCOM kernel: [CCRG] [FP] [0x0000000072eb71f0] [FRAMEWORK] [4376679206942,227458,1370,156303,71,28583,168,0,0,0,956647173,25425526]
2025-12-07T16:36:17.478568-05:00 SATCOM kernel: [CCRG] [FP] [0x0000000072eb71f0] [FRAMEWORK] [4376679217940,228828,1370,161067,72,28583,169,0,0,0,956647173,24682315]
2025-12-07T16:36:17.478569-05:00 SATCOM kernel: [CCRG] [FP] [0x0000000072eb71f0] [FRAMEWORK] [4376679229188,230198,1370,165247,73,28583,170,0,0,0,956647173,24088360]
2025-12-07T16:36:17.478571-05:00 SATCOM kernel: [CCRG] [FP] [0x0000000072eb71f0] [FRAMEWORK] [4376679244504,231568,1370,168920,74,28583,171,0,0,0,956647173,23611684]
2025-12-07T16:36:17.478572-05:00 SATCOM kernel: [CCRG] [FP] [0x0000000072eb71f0] [FRAMEWORK] [4376679255436,232938,1370,172144,75,28583,172,0,0,0,956647173,23228036]
2025-12-07T16:36:17.478575-05:00 SATCOM kernel: [CCRG] [FP] [0x0000000072eb71f0] [FRAMEWORK] [4376679266485,234308,1370,174976,76,28583,173,0,0,0,956647173,22920345]
2025-12-07T16:36:17.478576-05:00 SATCOM kernel: [CCRG] [FP] [0x0000000072eb71f0] [FRAMEWORK] [4376679277643,235678,1370,177465,77,28583,174,0,0,0,956647173,22674652]
2025-12-07T16:36:17.478577-05:00 SATCOM kernel: [CCRG] [FP] [0x0000000072eb71f0] [FRAMEWORK] [4376679288809,237048,1370,179654,78,28583,175,0,0,0,956647173,22480151]
2025-12-07T16:36:17.478578-05:00 SATCOM kernel: [CCRG] [FP] [0x0000000072eb71f0] [FRAMEWORK] [4376679300043,238418,1370,181582,79,28583,176,0,0,0,956647173,22328253]
2025-12-07T16:36:17.478580-05:00 SATCOM kernel: [CCRG] [FP] [0x0000000072eb71f0] [FRAMEWORK] [4376679311328,239788,1370,183280,80,28583,177,0,0,0,956647173,22211893]
2025-12-07T16:36:17.478581-05:00 SATCOM kernel: [CCRG] [FP] [0x0000000072eb71f0] [FRAMEWORK] [4376679322413,241158,1370,184776,81,28583,178,0,0,0,956647173,22125709]
2025-12-07T16:36:17.478583-05:00 SATCOM kernel: [CCRG] [FP] [0x0000000072eb71f0] [FRAMEWORK] [4376679333715,242528,1370,186096,82,28583,179,0,0,0,956647173,22065203]
2025-12-07T16:36:17.478584-05:00 SATCOM kernel: [CCRG] [FP] [0x0000000072eb71f0] [FRAMEWORK] [4376679344708,243898,1370,187262,83,28583,180,0,0,0,956647173,22026480]
2025-12-07T16:36:17.478586-05:00 SATCOM kernel: [CCRG] [FP] [0x0000000072eb71f0] [FRAMEWORK] [4376679355649,245268,1370,188294,84,28583,181,0,0,0,956647173,22006386]
2025-12-07T16:36:17.478587-05:00 SATCOM kernel: [CCRG] [FP] [0x0000000072eb71f0] [FRAMEWORK] [4376679366643,246638,1370,189208,85,28583,182,0,0,0,956647173,22002188]
2025-12-07T16:36:17.478588-05:00 SATCOM kernel: [CCRG] [FP] [0x0000000072eb71f0] [FRAMEWORK] [4376679378130,248008,1370,190019,86,28583,183,0,0,0,956647173,22011754]
2025-12-07T16:36:17.478590-05:00 SATCOM kernel: [CCRG] [FP] [0x0000000072eb71f0] [FRAMEWORK] [4376679389009,249378,1370,190740,87,28583,184,0,0,0,956647173,22033165]
2025-12-07T16:36:17.478591-05:00 SATCOM kernel: [CCRG] [FP] [0x0000000072eb71f0] [FRAMEWORK] [4376679399894,250748,1370,191381,88,28583,185,0,0,0,956647173,22064800]
2025-12-07T16:36:17.478592-05:00 SATCOM kernel: [CCRG] [FP] [0x0000000072eb71f0] [FRAMEWORK] [4376679411065,252118,1370,191954,89,28583,186,0,0,0,956647173,22105433]
2025-12-07T16:36:17.478594-05:00 SATCOM kernel: [CCRG] [FP] [0x0000000072eb71f0] [FRAMEWORK] [4376679421941,253488,1370,192465,90,28583,187,0,0,0,956647173,22153640]
2025-12-07T16:36:17.478595-05:00 SATCOM kernel: [CCRG] [FP] [0x0000000072eb71f0] [FRAMEWORK] [4376679432876,254858,1370,192923,91,28583,188,0,0,0,956647173,22208713]
2025-12-07T16:36:17.478597-05:00 SATCOM kernel: [CCRG] [FP] [0x0000000072eb71f0] [FRAMEWORK] [4376679444023,256228,1370,193336,92,28583,189,0,0,0,956647173,22269610]
2025-12-07T16:36:17.478598-05:00 SATCOM kernel: [CCRG] [FP] [0x0000000072eb71f0] [FRAMEWORK] [4376679454910,257598,1370,193707,93,28583,190,0,0,0,956647173,22335416]
2025-12-07T16:36:17.478599-05:00 SATCOM kernel: [CCRG] [FP] [0x0000000072eb71f0] [FRAMEWORK] [4376679465929,258968,1370,194043,94,28583,191,0,0,0,956647173,22405798]
2025-12-07T16:36:17.478601-05:00 SATCOM kernel: [CCRG] [FP] [0x0000000072eb71f0] [FRAMEWORK] [4376679485031,260338,1370,194357,95,28583,192,0,0,0,956647173,22479965]
2025-12-07T16:36:17.478602-05:00 SATCOM kernel: [CCRG] [FP] [0x0000000072eb71f0] [FRAMEWORK] [4376679496418,263078,1370,194643,96,28583,194,0,0,0,956647173,22556429]
2025-12-07T16:36:17.493524-05:00 SATCOM kernel: [CCRG] [FP] [0x0000000072eb71f0] [FRAMEWORK] [4376694350232,263218,1370,209747,98,28583,195,0,0,0,956647173,22748519]
2025-12-07T16:36:17.493561-05:00 SATCOM kernel: [CCRG] [FP] [0x0000000072eb71f0] [FRAMEWORK] [4376694443087,265958,1370,222637,99,39441,197,0,0,0,956648429,21214892]
2025-12-07T16:36:17.493562-05:00 SATCOM kernel: [CCRG] [FP] [0x0000000072eb71f0] [FRAMEWORK] [4376694456011,268698,1370,233929,75,39116,199,0,0,0,956648429,20183527]
2025-12-07T16:36:17.493564-05:00 SATCOM kernel: [CCRG] [FP] [0x0000000072eb71f0] [FRAMEWORK] [4376694469762,271438,1370,243822,77,39129,201,0,0,0,956648429,19396654]
2025-12-07T16:36:17.493567-05:00 SATCOM kernel: [CCRG] [FP] [0x0000000072eb71f0] [FRAMEWORK] [4376694482350,274178,1370,252492,79,39142,203,0,0,0,956648429,18789444]
2025-12-07T16:36:17.493568-05:00 SATCOM kernel: [CCRG] [FP] [0x0000000072eb71f0] [FRAMEWORK] [4376694492867,276918,1370,260088,81,39155,205,0,0,0,956648429,18317887]
2025-12-07T16:36:17.493569-05:00 SATCOM kernel: [CCRG] [FP] [0x0000000072eb71f0] [FRAMEWORK] [4376694503734,279658,1370,266745,83,39165,207,0,0,0,956648429,17951462]
2025-12-07T16:36:17.493570-05:00 SATCOM kernel: [CCRG] [FP] [0x0000000072eb71f0] [FRAMEWORK] [4376694514486,282398,1370,272581,85,39176,209,0,0,0,956648429,17667810]
2025-12-07T16:36:17.493571-05:00 SATCOM kernel: [CCRG] [FP] [0x0000000072eb71f0] [FRAMEWORK] [4376694525270,285138,1370,277699,87,39187,211,0,0,0,956648429,17450372]
2025-12-07T16:36:17.493573-05:00 SATCOM kernel: [CCRG] [FP] [0x0000000072eb71f0] [FRAMEWORK] [4376694535932,287878,1370,282187,89,39198,213,0,0,0,956648429,17286630]
2025-12-07T16:36:17.493574-05:00 SATCOM kernel: [CCRG] [FP] [0x0000000072eb71f0] [FRAMEWORK] [4376694546706,290618,1370,286125,91,39208,215,0,0,0,956648429,17167055]
2025-12-07T16:36:17.493576-05:00 SATCOM kernel: [CCRG] [FP] [0x0000000072eb71f0] [FRAMEWORK] [4376694557332,293358,1370,289582,93,39219,217,0,0,0,956648429,17084001]
2025-12-07T16:36:17.493578-05:00 SATCOM kernel: [CCRG] [FP] [0x0000000072eb71f0] [FRAMEWORK] [4376694568023,296098,1370,292618,95,39230,219,0,0,0,956648429,17031445]
2025-12-07T16:36:17.493579-05:00 SATCOM kernel: [CCRG] [FP] [0x0000000072eb71f0] [FRAMEWORK] [4376694582194,298838,1370,295288,97,39241,221,0,0,0,956648429,17004558]
2025-12-07T16:36:17.493580-05:00 SATCOM kernel: [CCRG] [FP] [0x0000000072eb71f0] [FRAMEWORK] [4376694592759,301578,1370,297634,99,39255,223,0,0,0,956648429,16999268]
2025-12-07T16:36:17.493581-05:00 SATCOM kernel: [CCRG] [FP] [0x0000000072eb71f0] [FRAMEWORK] [4376694603311,304318,1370,299698,101,39265,225,0,0,0,956648429,17012572]
2025-12-07T16:36:17.493582-05:00 SATCOM kernel: [CCRG] [FP] [0x0000000072eb71f0] [FRAMEWORK] [4376694613994,307058,1370,301514,103,39276,227,0,0,0,956648429,17041688]
2025-12-07T16:36:17.493584-05:00 SATCOM kernel: [CCRG] [FP] [0x0000000072eb71f0] [FRAMEWORK] [4376694624508,309798,1370,303114,105,39286,229,0,0,0,956648429,17084447]
2025-12-07T16:36:17.493585-05:00 SATCOM kernel: [CCRG] [FP] [0x0000000072eb71f0] [FRAMEWORK] [4376694634862,312538,1370,304524,107,39297,231,0,0,0,956648429,17138898]
2025-12-07T16:36:17.493587-05:00 SATCOM kernel: [CCRG] [FP] [0x0000000072eb71f0] [FRAMEWORK] [4376694645672,315278,1370,305769,109,39307,233,0,0,0,956648429,17203504]
2025-12-07T16:36:17.493589-05:00 SATCOM kernel: [CCRG] [FP] [0x0000000072eb71f0] [FRAMEWORK] [4376694656234,318018,1370,306869,111,39318,235,0,0,0,956648429,17276833]
2025-12-07T16:36:17.493590-05:00 SATCOM kernel: [CCRG] [FP] [0x0000000072eb71f0] [FRAMEWORK] [4376694666915,320758,1370,307842,113,39329,237,0,0,0,956648429,17357765]
2025-12-07T16:36:17.493591-05:00 SATCOM kernel: [CCRG] [FP] [0x0000000072eb71f0] [FRAMEWORK] [4376694677419,323498,1370,308704,115,39339,239,0,0,0,956648429,17445312]
2025-12-07T16:36:17.493592-05:00 SATCOM kernel: [CCRG] [FP] [0x0000000072eb71f0] [FRAMEWORK] [4376694688091,324868,1370,309469,117,39350,240,0,0,0,956648429,17538613]
2025-12-07T16:36:17.493594-05:00 SATCOM kernel: [CCRG] [FP] [0x0000000072eb71f0] [FRAMEWORK] [4376694699410,327608,1370,299881,118,39361,242,0,0,0,956648429,17566089]
2025-12-07T16:36:17.493596-05:00 SATCOM kernel: [CCRG] [FP] [0x0000000072eb71f0] [HSPP OLD LAST ROUND MINRTT] [4376694699410,8338]
2025-12-07T16:36:17.493597-05:00 SATCOM kernel: [CCRG] [FP] [0x0000000072eb71f0] [HSPP NEW LAST ROUND MINRTT] [4376694699410,7908]
2025-12-07T16:36:17.493598-05:00 SATCOM kernel: [CCRG] [FP] [0x0000000072eb71f0] [HSPP ROUND COUNTER] [4376694699410,7]
2025-12-07T16:36:17.493600-05:00 SATCOM kernel: [CCRG] [FP] [0x0000000072eb71f0] [HSPP ENTERED AT ROUND] [4376694699410,0]
2025-12-07T16:36:17.493602-05:00 SATCOM kernel: [CCRG] [FP] [0x0000000072eb71f0] [HSPP IN CSS] [4376694699410,0]
2025-12-07T16:36:17.493603-05:00 SATCOM kernel: [CCRG] [FP] [0x0000000072eb71f0] [HSPP ROUND COUNTER DIFF] [4376694699410,7]
2025-12-07T16:36:17.493604-05:00 SATCOM kernel: [CCRG] [FP] [0x0000000072eb71f0] [HSPP ROUND COUNTER DIFF EXCEEDS] [4376694699410,1]
2025-12-07T16:36:17.493605-05:00 SATCOM kernel: [CCRG] [FP] [0x0000000072eb71f0] [FRAMEWORK] [4376694733243,328978,1370,291525,97,29131,243,0,0,0,956648429,18273915]
2025-12-07T16:36:17.493606-05:00 SATCOM kernel: [CCRG] [FP] [0x0000000072eb71f0] [FRAMEWORK] [4376694745076,330348,1370,284226,98,29165,244,0,0,0,956648429,18872892]
2025-12-07T16:36:17.493607-05:00 SATCOM kernel: [CCRG] [FP] [0x0000000072eb71f0] [FRAMEWORK] [4376694756042,331718,1370,277850,99,29177,245,0,0,0,956648429,19434675]
2025-12-07T16:36:17.493608-05:00 SATCOM kernel: [CCRG] [FP] [0x0000000072eb71f0] [FRAMEWORK] [4376694766879,333088,1370,272281,100,29188,246,0,0,0,956648429,19959546]
2025-12-07T16:36:17.493610-05:00 SATCOM kernel: [CCRG] [FP] [0x0000000072eb71f0] [FRAMEWORK] [4376694777650,334458,1370,267419,101,29198,247,0,0,0,956648429,20448286]
2025-12-07T16:36:17.493611-05:00 SATCOM kernel: [CCRG] [FP] [0x0000000072eb71f0] [FRAMEWORK] [4376694793310,335828,1370,263181,102,29209,248,0,0,0,956648429,20902030]
2025-12-07T16:36:17.493612-05:00 SATCOM kernel: [CCRG] [FP] [0x0000000072eb71f0] [FRAMEWORK] [4376694804431,337198,1370,259484,103,29225,249,0,0,0,956648429,21321903]
2025-12-07T16:36:17.497518-05:00 SATCOM kernel: [CCRG] [FP] [0x0000000072eb71f0] [FRAMEWORK] [4376697977369,338568,1370,259422,104,29236,250,0,0,0,956648429,21625687]
2025-12-07T16:36:17.497552-05:00 SATCOM kernel: [CCRG] [FP] [0x0000000072eb71f0] [FRAMEWORK] [4376698020384,339938,1370,259411,105,32409,251,0,0,0,956648429,21630856]
2025-12-07T16:36:17.497553-05:00 SATCOM kernel: [CCRG] [FP] [0x0000000072eb71f0] [FRAMEWORK] [4376698034117,341308,1370,259415,106,32452,252,0,0,0,956648429,21631773]
2025-12-07T16:36:17.497555-05:00 SATCOM kernel: [CCRG] [FP] [0x0000000072eb71f0] [FRAMEWORK] [4376698044941,342678,1370,259429,107,32466,253,0,0,0,956648429,21631439]
2025-12-07T16:36:17.497556-05:00 SATCOM kernel: [CCRG] [FP] [0x0000000072eb71f0] [FRAMEWORK] [4376698055579,344048,1370,259452,108,32476,254,0,0,0,956648429,21630272]
2025-12-07T16:36:17.497557-05:00 SATCOM kernel: [CCRG] [FP] [0x0000000072eb71f0] [FRAMEWORK] [4376698074687,345418,1370,259491,109,32487,255,0,0,0,956648429,21628355]
2025-12-07T16:36:17.497560-05:00 SATCOM kernel: [CCRG] [FP] [0x0000000072eb71f0] [FRAMEWORK] [4376698085522,346788,1370,259536,110,32506,256,0,0,0,956648429,21625104]
2025-12-07T16:36:17.497562-05:00 SATCOM kernel: [CCRG] [FP] [0x0000000072eb71f0] [FRAMEWORK] [4376698096287,348158,1370,259586,111,32517,257,0,0,0,956648429,21621355]
2025-12-07T16:36:17.497563-05:00 SATCOM kernel: [CCRG] [FP] [0x0000000072eb71f0] [FRAMEWORK] [4376698108558,349528,1370,259642,112,32528,258,0,0,0,956648429,21617190]
2025-12-07T16:36:17.497565-05:00 SATCOM kernel: [CCRG] [FP] [0x0000000072eb71f0] [FRAMEWORK] [4376698119399,350898,1370,259702,113,32540,259,0,0,0,956648429,21612528]
2025-12-07T16:36:17.497566-05:00 SATCOM kernel: [CCRG] [FP] [0x0000000072eb71f0] [FRAMEWORK] [4376698129739,352268,1370,259765,114,32551,260,0,0,0,956648429,21607534]
2025-12-07T16:36:17.497567-05:00 SATCOM kernel: [CCRG] [FP] [0x0000000072eb71f0] [FRAMEWORK] [4376698140424,353638,1370,259831,115,32561,261,0,0,0,956648429,21602294]
2025-12-07T16:36:17.497569-05:00 SATCOM kernel: [CCRG] [FP] [0x0000000072eb71f0] [FRAMEWORK] [4376698150763,355008,1370,259899,116,32572,262,0,0,0,956648429,21596807]
2025-12-07T16:36:17.497570-05:00 SATCOM kernel: [CCRG] [FP] [0x0000000072eb71f0] [FRAMEWORK] [4376698161098,356378,1370,259969,117,32582,263,0,0,0,956648429,21591156]
2025-12-07T16:36:17.497572-05:00 SATCOM kernel: [CCRG] [FP] [0x0000000072eb71f0] [FRAMEWORK] [4376698171509,357748,1370,260040,118,32593,264,0,0,0,956648429,21585342]
2025-12-07T16:36:17.497573-05:00 SATCOM kernel: [CCRG] [FP] [0x0000000072eb71f0] [FRAMEWORK] [4376698182459,359118,1370,260113,119,32603,265,0,0,0,956648429,21579449]
2025-12-07T16:36:17.497574-05:00 SATCOM kernel: [CCRG] [FP] [0x0000000072eb71f0] [FRAMEWORK] [4376698193117,360488,1370,260188,120,32614,266,0,0,0,956648429,21573393]
2025-12-07T16:36:17.497576-05:00 SATCOM kernel: [CCRG] [FP] [0x0000000072eb71f0] [FRAMEWORK] [4376698207173,361858,1370,260268,121,32625,267,0,0,0,956648429,21567174]
2025-12-07T16:36:17.497577-05:00 SATCOM kernel: [CCRG] [FP] [0x0000000072eb71f0] [FRAMEWORK] [4376698217545,363228,1370,260348,122,32639,268,0,0,0,956648429,21560545]
2025-12-07T16:36:17.497578-05:00 SATCOM kernel: [CCRG] [FP] [0x0000000072eb71f0] [FRAMEWORK] [4376698228090,364598,1370,260429,123,32649,269,0,0,0,956648429,21553920]
2025-12-07T16:36:17.497580-05:00 SATCOM kernel: [CCRG] [FP] [0x0000000072eb71f0] [FRAMEWORK] [4376698238693,365968,1370,260510,124,32660,270,0,0,0,956648429,21547216]
2025-12-07T16:36:17.497581-05:00 SATCOM kernel: [CCRG] [FP] [0x0000000072eb71f0] [FRAMEWORK] [4376698249047,367338,1370,260592,125,32670,271,0,0,0,956648429,21540516]
2025-12-07T16:36:17.497583-05:00 SATCOM kernel: [CCRG] [FP] [0x0000000072eb71f0] [FRAMEWORK] [4376698259626,368708,1370,260673,126,32681,272,0,0,0,956648429,21533738]
2025-12-07T16:36:17.497584-05:00 SATCOM kernel: [CCRG] [FP] [0x0000000072eb71f0] [FRAMEWORK] [4376698270425,370078,1370,260755,127,32691,273,0,0,0,956648429,21527047]
2025-12-07T16:36:17.497585-05:00 SATCOM kernel: [CCRG] [FP] [0x0000000072eb71f0] [FRAMEWORK] [4376698281064,371448,1370,260838,128,32702,274,0,0,0,956648429,21520277]
2025-12-07T16:36:17.497587-05:00 SATCOM kernel: [CCRG] [FP] [0x0000000072eb71f0] [FRAMEWORK] [4376698291820,372818,1370,260921,129,32713,275,0,0,0,956648429,21513429]
2025-12-07T16:36:17.497588-05:00 SATCOM kernel: [CCRG] [FP] [0x0000000072eb71f0] [FRAMEWORK] [4376698302199,374188,1370,261004,130,32723,276,0,0,0,956648429,21506586]
2025-12-07T16:36:17.497589-05:00 SATCOM kernel: [CCRG] [FP] [0x0000000072eb71f0] [FRAMEWORK] [4376698313083,375558,1370,261088,131,32734,277,0,0,0,956648429,21499747]
2025-12-07T16:36:17.497591-05:00 SATCOM kernel: [CCRG] [FP] [0x0000000072eb71f0] [FRAMEWORK] [4376698323749,376928,1370,261171,132,32745,278,0,0,0,956648429,21492830]
2025-12-07T16:36:17.497592-05:00 SATCOM kernel: [CCRG] [FP] [0x0000000072eb71f0] [FRAMEWORK] [4376698334379,378298,1370,261255,133,32755,279,0,0,0,956648429,21485999]
2025-12-07T16:36:17.497594-05:00 SATCOM kernel: [CCRG] [FP] [0x0000000072eb71f0] [FRAMEWORK] [4376698394136,379668,1370,261389,134,32766,280,0,0,0,956648429,21479091]
2025-12-07T16:36:17.497595-05:00 SATCOM kernel: [CCRG] [FP] [0x0000000072eb71f0] [FRAMEWORK] [4376698402055,381038,1370,261514,135,32826,281,0,0,0,956648429,21468080]
2025-12-07T16:36:17.497596-05:00 SATCOM kernel: [CCRG] [FP] [0x0000000072eb71f0] [FRAMEWORK] [4376698414208,382408,1370,261635,136,32834,282,0,0,0,956648429,21457818]
2025-12-07T16:36:17.497598-05:00 SATCOM kernel: [CCRG] [FP] [0x0000000072eb71f0] [FRAMEWORK] [4376698425019,383778,1370,261752,137,32846,283,0,0,0,956648429,21447894]
2025-12-07T16:36:17.497599-05:00 SATCOM kernel: [CCRG] [FP] [0x0000000072eb71f0] [FRAMEWORK] [4376698435293,385148,1370,261864,138,32857,284,0,0,0,956648429,21438308]
2025-12-07T16:36:17.497600-05:00 SATCOM kernel: [CCRG] [FP] [0x0000000072eb71f0] [FRAMEWORK] [4376698445875,386518,1370,261972,139,32867,285,0,0,0,956648429,21429138]
2025-12-07T16:36:17.497602-05:00 SATCOM kernel: [CCRG] [FP] [0x0000000072eb71f0] [FRAMEWORK] [4376698456053,387888,1370,262078,140,32877,286,0,0,0,956648429,21420304]
2025-12-07T16:36:17.497603-05:00 SATCOM kernel: [CCRG] [FP] [0x0000000072eb71f0] [FRAMEWORK] [4376698466228,389258,1370,262181,141,32888,287,0,0,0,956648429,21411640]
2025-12-07T16:36:17.497605-05:00 SATCOM kernel: [CCRG] [FP] [0x0000000072eb71f0] [FRAMEWORK] [4376698479052,390628,1370,260297,142,32898,288,0,0,0,956648429,21403229]
2025-12-07T16:36:17.497606-05:00 SATCOM kernel: [CCRG] [FP] [0x0000000072eb71f0] [FRAMEWORK] [4376698489588,391998,1370,258658,127,32314,289,0,0,0,956648429,21558143]
2025-12-07T16:36:17.497607-05:00 SATCOM kernel: [CCRG] [FP] [0x0000000072eb71f0] [FRAMEWORK] [4376698501495,393254,1370,230440,128,32324,290,0,0,0,956648429,21694747]
2025-12-07T16:36:18.413534-05:00 SATCOM kernel: [CCRG] [FP] [0x0000000072eb71f0] [FRAMEWORK] [4377614571615,393255,1370,207245,95,39471,291,0,0,0,956648430,24351327]
2025-12-07T16:36:18.413562-05:00 SATCOM kernel: [CCRG] [FP] [0x0000000072eb71f0] [HSPP OLD LAST ROUND MINRTT] [4377614571615,7908]
2025-12-07T16:36:18.413566-05:00 SATCOM kernel: [CCRG] [FP] [0x0000000072eb71f0] [HSPP NEW LAST ROUND MINRTT] [4377614571615,4114]
2025-12-07T16:36:18.413568-05:00 SATCOM kernel: [CCRG] [FP] [0x0000000072eb71f0] [HSPP ROUND COUNTER] [4377614571615,8]
2025-12-07T16:36:18.413570-05:00 SATCOM kernel: [CCRG] [FP] [0x0000000072eb71f0] [HSPP ENTERED AT ROUND] [4377614571615,0]
2025-12-07T16:36:18.413572-05:00 SATCOM kernel: [CCRG] [FP] [0x0000000072eb71f0] [HSPP IN CSS] [4377614571615,0]
2025-12-07T16:36:18.413574-05:00 SATCOM kernel: [CCRG] [FP] [0x0000000072eb71f0] [HSPP ROUND COUNTER DIFF] [4377614571615,8]
2025-12-07T16:36:18.413576-05:00 SATCOM kernel: [CCRG] [FP] [0x0000000072eb71f0] [HSPP ROUND COUNTER DIFF EXCEEDS] [4377614571615,1]
